<?xml version="1.0" encoding="UTF-8"?>
<testng-results ignored="0" total="2" passed="2" failed="0" skipped="0">
  <reporter-output>
  </reporter-output>
  <suite started-at="2023-03-24T17:57:23 IST" name="Default suite" finished-at="2023-03-24T17:57:37 IST" duration-ms="13626">
    <groups>
    </groups>
    <test started-at="2023-03-24T17:57:23 IST" name="Default test" finished-at="2023-03-24T17:57:37 IST" duration-ms="13626">
      <class name="tests.TestLoginpage">
        <test-method signature="testsetup()[pri:0, instance:tests.TestLoginpage@72967906]" started-at="2023-03-24T17:57:23 IST" name="testsetup" finished-at="2023-03-24T17:57:35 IST" duration-ms="11441" status="PASS">
          <reporter-output>
          </reporter-output>
        </test-method> <!-- testsetup -->
        <test-method signature="testlogin()[pri:1, instance:tests.TestLoginpage@72967906]" started-at="2023-03-24T17:57:35 IST" name="testlogin" finished-at="2023-03-24T17:57:37 IST" duration-ms="2135" status="PASS">
          <reporter-output>
          </reporter-output>
        </test-method> <!-- testlogin -->
      </class> <!-- tests.TestLoginpage -->
    </test> <!-- Default test -->
  </suite> <!-- Default suite -->
</testng-results>
